# JRE version: Java(TM) SE Runtime Environment (7.0_45-b18) (build 1.7.0_45-b18)
# Java VM: Java HotSpot(TM) Client VM (24.45-b08 mixed mode, sharing windows-x86 )
Heap
 def new generation   total 78656K, used 41170K [0x23820000, 0x28d70000, 0x28d70000)
  eden space 69952K,  58% used [0x23820000, 0x260549b8, 0x27c70000)
  from space 8704K,   0% used [0x27c70000, 0x27c70000, 0x284f0000)
  to   space 8704K,   0% used [0x284f0000, 0x284f0000, 0x28d70000)
 tenured generation   total 174784K, used 108280K [0x28d70000, 0x33820000, 0x33820000)
   the space 174784K,  61% used [0x28d70000, 0x2f72e1d0, 0x2f72e200, 0x33820000)
 compacting perm gen  total 12288K, used 4114K [0x33820000, 0x34420000, 0x37820000)
   the space 12288K,  33% used [0x33820000, 0x33c24a68, 0x33c24c00, 0x34420000)
    ro space 10240K,  44% used [0x37820000, 0x37c97808, 0x37c97a00, 0x38220000)
    rw space 12288K,  52% used [0x38220000, 0x3886e610, 0x3886e800, 0x38e20000)
GC Heap History (10 events):
Event: 357.706 GC heap before
{Heap before GC invocations=104 (full 5):
 def new generation   total 43200K, used 33726K [0x23820000, 0x266f0000, 0x28d70000)
  eden space 38464K,  87% used [0x23820000, 0x2590ea68, 0x25db0000)
  from space 4736K,   0% used [0x26250000, 0x26251108, 0x266f0000)
  to   space 4736K,   0% used [0x25db0000, 0x25db0000, 0x26250000)
 tenured generation   total 95796K, used 80927K [0x28d70000, 0x2eafd000, 0x33820000)
   the space 95796K,  84% used [0x28d70000, 0x2dc77e00, 0x2dc77e00, 0x2eafd000)
 compacting perm gen  total 12288K, used 4113K [0x33820000, 0x34420000, 0x37820000)
   the space 12288K,  33% used [0x33820000, 0x33c24450, 0x33c24600, 0x34420000)
    ro space 10240K,  44% used [0x37820000, 0x37c97808, 0x37c97a00, 0x38220000)
    rw space 12288K,  52% used [0x38220000, 0x3886e610, 0x3886e800, 0x38e20000)
Event: 357.773 GC heap after
Heap after GC invocations=105 (full 6):
 def new generation   total 50560K, used 0K [0x23820000, 0x26ef0000, 0x28d70000)
  eden space 44992K,   0% used [0x23820000, 0x23820000, 0x26410000)
  from space 5568K,   0% used [0x26410000, 0x26410000, 0x26980000)
  to   space 5568K,   0% used [0x26980000, 0x26980000, 0x26ef0000)
 tenured generation   total 112132K, used 67278K [0x28d70000, 0x2faf1000, 0x33820000)
   the space 112132K,  59% used [0x28d70000, 0x2cf23910, 0x2cf23a00, 0x2faf1000)
 compacting perm gen  total 12288K, used 4113K [0x33820000, 0x34420000, 0x37820000)
   the space 12288K,  33% used [0x33820000, 0x33c24450, 0x33c24600, 0x34420000)
    ro space 10240K,  44% used [0x37820000, 0x37c97808, 0x37c97a00, 0x38220000)
    rw space 12288K,  52% used [0x38220000, 0x3886e610, 0x3886e800, 0x38e20000)
}
Event: 357.951 GC heap before
{Heap before GC invocations=105 (full 6):
 def new generation   total 50560K, used 43402K [0x23820000, 0x26ef0000, 0x28d70000)
  eden space 44992K,  96% used [0x23820000, 0x26282bb0, 0x26410000)
  from space 5568K,   0% used [0x26410000, 0x26410000, 0x26980000)
  to   space 5568K,   0% used [0x26980000, 0x26980000, 0x26ef0000)
 tenured generation   total 112132K, used 67278K [0x28d70000, 0x2faf1000, 0x33820000)
   the space 112132K,  59% used [0x28d70000, 0x2cf23910, 0x2cf23a00, 0x2faf1000)
 compacting perm gen  total 12288K, used 4113K [0x33820000, 0x34420000, 0x37820000)
   the space 12288K,  33% used [0x33820000, 0x33c24450, 0x33c24600, 0x34420000)
    ro space 10240K,  44% used [0x37820000, 0x37c97808, 0x37c97a00, 0x38220000)
    rw space 12288K,  52% used [0x38220000, 0x3886e610, 0x3886e800, 0x38e20000)
Event: 357.981 GC heap after
Heap after GC invocations=106 (full 6):
 def new generation   total 50560K, used 4K [0x23820000, 0x26ef0000, 0x28d70000)
  eden space 44992K,   0% used [0x23820000, 0x23820000, 0x26410000)
  from space 5568K,   0% used [0x26980000, 0x269810f0, 0x26ef0000)
  to   space 5568K,   0% used [0x26410000, 0x26410000, 0x26980000)
 tenured generation   total 112132K, used 110655K [0x28d70000, 0x2faf1000, 0x33820000)
   the space 112132K,  98% used [0x28d70000, 0x2f97fe90, 0x2f980000, 0x2faf1000)
 compacting perm gen  total 12288K, used 4113K [0x33820000, 0x34420000, 0x37820000)
   the space 12288K,  33% used [0x33820000, 0x33c24450, 0x33c24600, 0x34420000)
    ro space 10240K,  44% used [0x37820000, 0x37c97808, 0x37c97a00, 0x38220000)
    rw space 12288K,  52% used [0x38220000, 0x3886e610, 0x3886e800, 0x38e20000)
}
Event: 358.060 GC heap before
{Heap before GC invocations=106 (full 6):
 def new generation   total 50560K, used 25707K [0x23820000, 0x26ef0000, 0x28d70000)
  eden space 44992K,  57% used [0x23820000, 0x25139db8, 0x26410000)
  from space 5568K,   0% used [0x26980000, 0x269810f0, 0x26ef0000)
  to   space 5568K,   0% used [0x26410000, 0x26410000, 0x26980000)
 tenured generation   total 112132K, used 110655K [0x28d70000, 0x2faf1000, 0x33820000)
   the space 112132K,  98% used [0x28d70000, 0x2f97fe90, 0x2f980000, 0x2faf1000)
 compacting perm gen  total 12288K, used 4113K [0x33820000, 0x34420000, 0x37820000)
   the space 12288K,  33% used [0x33820000, 0x33c24450, 0x33c24600, 0x34420000)
    ro space 10240K,  44% used [0x37820000, 0x37c97808, 0x37c97a00, 0x38220000)
    rw space 12288K,  52% used [0x38220000, 0x3886e610, 0x3886e800, 0x38e20000)
Event: 358.144 GC heap after
Heap after GC invocations=107 (full 7):
 def new generation   total 56320K, used 0K [0x23820000, 0x27530000, 0x28d70000)
  eden space 50112K,   0% used [0x23820000, 0x23820000, 0x26910000)
  from space 6208K,   0% used [0x26910000, 0x26910000, 0x26f20000)
  to   space 6208K,   0% used [0x26f20000, 0x26f20000, 0x27530000)
 tenured generation   total 124984K, used 74988K [0x28d70000, 0x3077e000, 0x33820000)
   the space 124984K,  59% used [0x28d70000, 0x2d6ab0a8, 0x2d6ab200, 0x3077e000)
 compacting perm gen  total 12288K, used 4113K [0x33820000, 0x34420000, 0x37820000)
   the space 12288K,  33% used [0x33820000, 0x33c24450, 0x33c24600, 0x34420000)
    ro space 10240K,  44% used [0x37820000, 0x37c97808, 0x37c97a00, 0x38220000)
    rw space 12288K,  52% used [0x38220000, 0x3886e610, 0x3886e800, 0x38e20000)
}
Event: 358.233 GC heap before
{Heap before GC invocations=107 (full 7):
 def new generation   total 56320K, used 28579K [0x23820000, 0x27530000, 0x28d70000)
  eden space 50112K,  57% used [0x23820000, 0x25408f00, 0x26910000)
  from space 6208K,   0% used [0x26910000, 0x26910000, 0x26f20000)
  to   space 6208K,   0% used [0x26f20000, 0x26f20000, 0x27530000)
 tenured generation   total 124984K, used 74988K [0x28d70000, 0x3077e000, 0x33820000)
   the space 124984K,  59% used [0x28d70000, 0x2d6ab0a8, 0x2d6ab200, 0x3077e000)
 compacting perm gen  total 12288K, used 4113K [0x33820000, 0x34420000, 0x37820000)
   the space 12288K,  33% used [0x33820000, 0x33c24450, 0x33c24600, 0x34420000)
    ro space 10240K,  44% used [0x37820000, 0x37c97808, 0x37c97a00, 0x38220000)
    rw space 12288K,  52% used [0x38220000, 0x3886e610, 0x3886e800, 0x38e20000)
Event: 358.250 GC heap after
Heap after GC invocations=108 (full 7):
 def new generation   total 56320K, used 1K [0x23820000, 0x27530000, 0x28d70000)
  eden space 50112K,   0% used [0x23820000, 0x23820000, 0x26910000)
  from space 6208K,   0% used [0x26f20000, 0x26f207c8, 0x27530000)
  to   space 6208K,   0% used [0x26910000, 0x26910000, 0x26f20000)
 tenured generation   total 124984K, used 103557K [0x28d70000, 0x3077e000, 0x33820000)
   the space 124984K,  82% used [0x28d70000, 0x2f2916d8, 0x2f291800, 0x3077e000)
 compacting perm gen  total 12288K, used 4113K [0x33820000, 0x34420000, 0x37820000)
   the space 12288K,  33% used [0x33820000, 0x33c24450, 0x33c24600, 0x34420000)
    ro space 10240K,  44% used [0x37820000, 0x37c97808, 0x37c97a00, 0x38220000)
    rw space 12288K,  52% used [0x38220000, 0x3886e610, 0x3886e800, 0x38e20000)
}
Event: 358.270 GC heap before
{Heap before GC invocations=108 (full 7):
 def new generation   total 56320K, used 30474K [0x23820000, 0x27530000, 0x28d70000)
  eden space 50112K,  60% used [0x23820000, 0x255e2330, 0x26910000)
  from space 6208K,   0% used [0x26f20000, 0x26f207c8, 0x27530000)
  to   space 6208K,   0% used [0x26910000, 0x26910000, 0x26f20000)
 tenured generation   total 124984K, used 103557K [0x28d70000, 0x3077e000, 0x33820000)
   the space 124984K,  82% used [0x28d70000, 0x2f2916d8, 0x2f291800, 0x3077e000)
 compacting perm gen  total 12288K, used 4113K [0x33820000, 0x34420000, 0x37820000)
   the space 12288K,  33% used [0x33820000, 0x33c24450, 0x33c24600, 0x34420000)
    ro space 10240K,  44% used [0x37820000, 0x37c97808, 0x37c97a00, 0x38220000)
    rw space 12288K,  52% used [0x38220000, 0x3886e610, 0x3886e800, 0x38e20000)
Event: 358.395 GC heap after
Heap after GC invocations=109 (full 8):
 def new generation   total 78656K, used 0K [0x23820000, 0x28d70000, 0x28d70000)
  eden space 69952K,   0% used [0x23820000, 0x23820000, 0x27c70000)
  from space 8704K,   0% used [0x27c70000, 0x27c70000, 0x284f0000)
  to   space 8704K,   0% used [0x284f0000, 0x284f0000, 0x28d70000)
 tenured generation   total 174784K, used 108280K [0x28d70000, 0x33820000, 0x33820000)
   the space 174784K,  61% used [0x28d70000, 0x2f72e1d0, 0x2f72e200, 0x33820000)
 compacting perm gen  total 12288K, used 4113K [0x33820000, 0x34420000, 0x37820000)
   the space 12288K,  33% used [0x33820000, 0x33c24420, 0x33c24600, 0x34420000)
    ro space 10240K,  44% used [0x37820000, 0x37c97808, 0x37c97a00, 0x38220000)
    rw space 12288K,  52% used [0x38220000, 0x3886e610, 0x3886e800, 0x38e20000)
}

